<?xml version="1.0" encoding="UTF-8"?>
<!-- Generated by org.testng.reporters.JUnitReportReporter -->
<testsuite hostname="DELL-PC" name="testScript.Scenario_Search" tests="4" failures="0" timestamp="1 Oct 2016 06:30:15 GMT" time="52.129" errors="0">
  <testcase name="ValidSearch" time="15.658" classname="testScript.Scenario_Search"/>
  <testcase name="ValidSearch" time="12.560" classname="testScript.Scenario_Search"/>
  <testcase name="InvalidSearch" time="11.405" classname="testScript.Scenario_Search"/>
  <testcase name="ValidSearch" time="12.506" classname="testScript.Scenario_Search"/>
</testsuite> <!-- testScript.Scenario_Search -->
