<?xml version="1.0" encoding="UTF-8"?>
<!-- Generated by org.testng.reporters.JUnitReportReporter -->
<testsuite hostname="DELL-PC" name="testScript.Scenario_Cart" tests="1" failures="0" timestamp="2 Oct 2016 07:18:47 GMT" time="16.080" errors="0">
  <testcase name="Add_to_cart" time="16.080" classname="testScript.Scenario_Cart"/>
</testsuite> <!-- testScript.Scenario_Cart -->
