<?xml version="1.0" encoding="UTF-8"?>
<!-- Generated by org.testng.reporters.JUnitReportReporter -->
<testsuite hostname="DELL-PC" name="testScript.Scenario_Cart" tests="1" failures="0" timestamp="1 Oct 2016 13:56:42 GMT" time="18.685" errors="0">
  <testcase name="Add_to_cart" time="18.685" classname="testScript.Scenario_Cart"/>
</testsuite> <!-- testScript.Scenario_Cart -->
